<?xml version="1.0" encoding="UTF-8" standalone="no"?>
<!DOCTYPE log SYSTEM "logger.dtd">
<log>
<record>
  <date>2020-08-27T07:56:00</date>
  <millis>1598489760500</millis>
  <sequence>0</sequence>
  <level>START</level>
  <class>com.kms.katalon.core.logging.XmlKeywordLogger</class>
  <method>startSuite</method>
  <thread>1</thread>
  <message>Start Test Suite : Test Suites/Request Demo/RequestDemo</message>
  <nestedLevel>0</nestedLevel>
  <property name="name">RequestDemo</property>
  <property name="description"></property>
  <property name="id">Test Suites/Request Demo/RequestDemo</property>
</record>
<record>
  <date>2020-08-27T07:56:00</date>
  <millis>1598489760525</millis>
  <sequence>1</sequence>
  <level>RUN_DATA</level>
  <class>com.kms.katalon.core.logging.XmlKeywordLogger</class>
  <method>logMessage</method>
  <thread>1</thread>
  <message>hostName = Donii - LAPTOP-OOE60HNH.lan</message>
  <nestedLevel>0</nestedLevel>
  <property name="hostName">Donii - LAPTOP-OOE60HNH.lan</property>
</record>
<record>
  <date>2020-08-27T07:56:00</date>
  <millis>1598489760527</millis>
  <sequence>2</sequence>
  <level>RUN_DATA</level>
  <class>com.kms.katalon.core.logging.XmlKeywordLogger</class>
  <method>logMessage</method>
  <thread>1</thread>
  <message>os = Windows 10 64bit</message>
  <nestedLevel>0</nestedLevel>
  <property name="os">Windows 10 64bit</property>
</record>
<record>
  <date>2020-08-27T07:56:00</date>
  <millis>1598489760528</millis>
  <sequence>3</sequence>
  <level>RUN_DATA</level>
  <class>com.kms.katalon.core.logging.XmlKeywordLogger</class>
  <method>logMessage</method>
  <thread>1</thread>
  <message>hostAddress = 192.168.8.188</message>
  <nestedLevel>0</nestedLevel>
  <property name="hostAddress">192.168.8.188</property>
</record>
<record>
  <date>2020-08-27T07:56:00</date>
  <millis>1598489760530</millis>
  <sequence>4</sequence>
  <level>RUN_DATA</level>
  <class>com.kms.katalon.core.logging.XmlKeywordLogger</class>
  <method>logMessage</method>
  <thread>1</thread>
  <message>katalonVersion = 7.5.5.1</message>
  <nestedLevel>0</nestedLevel>
  <property name="katalonVersion">7.5.5.1</property>
</record>
<record>
  <date>2020-08-27T07:56:00</date>
  <millis>1598489760834</millis>
  <sequence>5</sequence>
  <level>START</level>
  <class>com.kms.katalon.core.logging.XmlKeywordLogger</class>
  <method>startTest</method>
  <thread>1</thread>
  <message>Start Test Case : Test Cases/Request Demo/RequestDemo</message>
  <nestedLevel>1</nestedLevel>
  <property name="name">Test Cases/Request Demo/RequestDemo</property>
  <property name="description"></property>
  <property name="id">Test Cases/Request Demo/RequestDemo</property>
  <property name="source">C:\\Arief\\Katalon\\Sprint 2\\MileApp\\Test Cases\\Request Demo\\RequestDemo.tc</property>
  <property name="tag"></property>
  <property name="isOptional">false</property>
</record>
<record>
  <date>2020-08-27T07:56:01</date>
  <millis>1598489761351</millis>
  <sequence>7</sequence>
  <level>START</level>
  <class>com.kms.katalon.core.logging.XmlKeywordLogger</class>
  <method>startKeyword</method>
  <thread>1</thread>
  <message>Start action : runFeatureFile(\&amp;quot;./Include/features/RequestDemo/requestDemo.feature\&amp;quot;)</message>
  <nestedLevel>1</nestedLevel>
  <property name="startLine">18</property>
  <property name="stepIndex">1</property>
</record>
<record>
  <date>2020-08-27T07:56:01</date>
  <millis>1598489761476</millis>
  <sequence>8</sequence>
  <level>INFO</level>
  <class>com.kms.katalon.core.logging.XmlKeywordLogger</class>
  <method>logMessage</method>
  <thread>1</thread>
  <message>Starting run keyword runFeatureFile: &amp;apos;./Include/features/RequestDemo/requestDemo.feature&amp;apos; and extract report to folder: &amp;apos;C:\\Arief\\Katalon\\Sprint 2\\MileApp\\Reports\\20200827_075557\\Request Demo\\RequestDemo\\20200827_075557/cucumber_report/1598489761396&amp;apos;...</message>
  <nestedLevel>1</nestedLevel>
</record>
<record>
  <date>2020-08-27T07:56:02</date>
  <millis>1598489762197</millis>
  <sequence>9</sequence>
  <level>START</level>
  <class>com.kms.katalon.core.logging.XmlKeywordLogger</class>
  <method>startTest</method>
  <thread>1</thread>
  <message>Start Test Case : SCENARIO requestDemo</message>
  <nestedLevel>2</nestedLevel>
</record>
<record>
  <date>2020-08-27T07:56:02</date>
  <millis>1598489762200</millis>
  <sequence>10</sequence>
  <level>START</level>
  <class>com.kms.katalon.core.logging.XmlKeywordLogger</class>
  <method>startKeyword</method>
  <thread>1</thread>
  <message>Start action : request demo page</message>
  <nestedLevel>2</nestedLevel>
</record>
<record>
  <date>2020-08-27T07:56:02</date>
  <millis>1598489762579</millis>
  <sequence>12</sequence>
  <level>INFO</level>
  <class>com.kms.katalon.core.logging.XmlKeywordLogger</class>
  <method>logMessage</method>
  <thread>1</thread>
  <message>Starting &amp;apos;Chrome&amp;apos; driver</message>
  <nestedLevel>2</nestedLevel>
</record>
<record>
  <date>2020-08-27T07:56:02</date>
  <millis>1598489762634</millis>
  <sequence>14</sequence>
  <level>INFO</level>
  <class>com.kms.katalon.core.logging.XmlKeywordLogger</class>
  <method>logMessage</method>
  <thread>1</thread>
  <message>Action delay is set to 0 milliseconds</message>
  <nestedLevel>2</nestedLevel>
</record>
<record>
  <date>2020-08-27T07:56:07</date>
  <millis>1598489767517</millis>
  <sequence>16</sequence>
  <level>RUN_DATA</level>
  <class>com.kms.katalon.core.logging.XmlKeywordLogger</class>
  <method>logMessage</method>
  <thread>1</thread>
  <message>sessionId = f47814f78f41ad84446972344f4718a9</message>
  <nestedLevel>2</nestedLevel>
  <property name="sessionId">f47814f78f41ad84446972344f4718a9</property>
</record>
<record>
  <date>2020-08-27T07:56:07</date>
  <millis>1598489767535</millis>
  <sequence>17</sequence>
  <level>RUN_DATA</level>
  <class>com.kms.katalon.core.logging.XmlKeywordLogger</class>
  <method>logMessage</method>
  <thread>1</thread>
  <message>browser = Chrome 84.0.4147.135</message>
  <nestedLevel>2</nestedLevel>
  <property name="browser">Chrome 84.0.4147.135</property>
</record>
<record>
  <date>2020-08-27T07:56:07</date>
  <millis>1598489767536</millis>
  <sequence>18</sequence>
  <level>RUN_DATA</level>
  <class>com.kms.katalon.core.logging.XmlKeywordLogger</class>
  <method>logMessage</method>
  <thread>1</thread>
  <message>platform = Windows 10</message>
  <nestedLevel>2</nestedLevel>
  <property name="platform">Windows 10</property>
</record>
<record>
  <date>2020-08-27T07:56:07</date>
  <millis>1598489767536</millis>
  <sequence>19</sequence>
  <level>RUN_DATA</level>
  <class>com.kms.katalon.core.logging.XmlKeywordLogger</class>
  <method>logMessage</method>
  <thread>1</thread>
  <message>seleniumVersion = 3.141.59</message>
  <nestedLevel>2</nestedLevel>
  <property name="seleniumVersion">3.141.59</property>
</record>
<record>
  <date>2020-08-27T07:56:07</date>
  <millis>1598489767537</millis>
  <sequence>20</sequence>
  <level>RUN_DATA</level>
  <class>com.kms.katalon.core.logging.XmlKeywordLogger</class>
  <method>logMessage</method>
  <thread>1</thread>
  <message>proxyInformation = ProxyInformation { proxyOption=NO_PROXY, proxyServerType=HTTP, username=, password=********, proxyServerAddress=, proxyServerPort=0, executionList=\&amp;quot;\&amp;quot;, isApplyToDesiredCapabilities=true }</message>
  <nestedLevel>2</nestedLevel>
  <property name="proxyInformation">ProxyInformation { proxyOption=NO_PROXY, proxyServerType=HTTP, username=, password=********, proxyServerAddress=, proxyServerPort=0, executionList=\&quot;\&quot;, isApplyToDesiredCapabilities=true }</property>
</record>
<record>
  <date>2020-08-27T07:56:07</date>
  <millis>1598489767546</millis>
  <sequence>21</sequence>
  <level>PASSED</level>
  <class>com.kms.katalon.core.logging.XmlKeywordLogger</class>
  <method>logMessage</method>
  <thread>1</thread>
  <message>Browser is opened with url: &amp;apos;&amp;apos;</message>
  <nestedLevel>2</nestedLevel>
</record>
<record>
  <date>2020-08-27T07:56:10</date>
  <millis>1598489770645</millis>
  <sequence>24</sequence>
  <level>PASSED</level>
  <class>com.kms.katalon.core.logging.XmlKeywordLogger</class>
  <method>logMessage</method>
  <thread>1</thread>
  <message>Navigate to &amp;apos;https://dev.mile.app/request-demo&amp;apos; successfully</message>
  <nestedLevel>2</nestedLevel>
</record>
<record>
  <date>2020-08-27T07:56:10</date>
  <millis>1598489770650</millis>
  <sequence>25</sequence>
  <level>PASSED</level>
  <class>com.kms.katalon.core.logging.XmlKeywordLogger</class>
  <method>logMessage</method>
  <thread>1</thread>
  <message>request demo page</message>
  <nestedLevel>2</nestedLevel>
</record>
<record>
  <date>2020-08-27T07:56:10</date>
  <millis>1598489770650</millis>
  <sequence>26</sequence>
  <level>END</level>
  <class>com.kms.katalon.core.logging.XmlKeywordLogger</class>
  <method>endKeyword</method>
  <thread>1</thread>
  <message>End End action : request demo page</message>
  <nestedLevel>2</nestedLevel>
</record>
<record>
  <date>2020-08-27T07:56:10</date>
  <millis>1598489770652</millis>
  <sequence>27</sequence>
  <level>START</level>
  <class>com.kms.katalon.core.logging.XmlKeywordLogger</class>
  <method>startKeyword</method>
  <thread>1</thread>
  <message>Start action : user input full name</message>
  <nestedLevel>2</nestedLevel>
</record>
<record>
  <date>2020-08-27T07:56:11</date>
  <millis>1598489771786</millis>
  <sequence>43</sequence>
  <level>PASSED</level>
  <class>com.kms.katalon.core.logging.XmlKeywordLogger</class>
  <method>logMessage</method>
  <thread>1</thread>
  <message>Text &amp;apos;Arief Rahman Hakim&amp;apos; is set on object &amp;apos;Object Repository/Request Demo/input_Full_name&amp;apos;</message>
  <nestedLevel>2</nestedLevel>
</record>
<record>
  <date>2020-08-27T07:56:14</date>
  <millis>1598489774822</millis>
  <sequence>45</sequence>
  <level>PASSED</level>
  <class>com.kms.katalon.core.logging.XmlKeywordLogger</class>
  <method>logMessage</method>
  <thread>1</thread>
  <message>Delayed 3 second(s)</message>
  <nestedLevel>2</nestedLevel>
</record>
<record>
  <date>2020-08-27T07:56:14</date>
  <millis>1598489774823</millis>
  <sequence>46</sequence>
  <level>PASSED</level>
  <class>com.kms.katalon.core.logging.XmlKeywordLogger</class>
  <method>logMessage</method>
  <thread>1</thread>
  <message>user input full name</message>
  <nestedLevel>2</nestedLevel>
</record>
<record>
  <date>2020-08-27T07:56:14</date>
  <millis>1598489774823</millis>
  <sequence>47</sequence>
  <level>END</level>
  <class>com.kms.katalon.core.logging.XmlKeywordLogger</class>
  <method>endKeyword</method>
  <thread>1</thread>
  <message>End End action : user input full name</message>
  <nestedLevel>2</nestedLevel>
</record>
<record>
  <date>2020-08-27T07:56:14</date>
  <millis>1598489774824</millis>
  <sequence>48</sequence>
  <level>START</level>
  <class>com.kms.katalon.core.logging.XmlKeywordLogger</class>
  <method>startKeyword</method>
  <thread>1</thread>
  <message>Start action : user input email</message>
  <nestedLevel>2</nestedLevel>
</record>
<record>
  <date>2020-08-27T07:56:15</date>
  <millis>1598489775902</millis>
  <sequence>64</sequence>
  <level>PASSED</level>
  <class>com.kms.katalon.core.logging.XmlKeywordLogger</class>
  <method>logMessage</method>
  <thread>1</thread>
  <message>Text &amp;apos;ariefrahmanhakim0104@gmail.com&amp;apos; is set on object &amp;apos;Object Repository/Request Demo/input_Email&amp;apos;</message>
  <nestedLevel>2</nestedLevel>
</record>
<record>
  <date>2020-08-27T07:56:18</date>
  <millis>1598489778906</millis>
  <sequence>66</sequence>
  <level>PASSED</level>
  <class>com.kms.katalon.core.logging.XmlKeywordLogger</class>
  <method>logMessage</method>
  <thread>1</thread>
  <message>Delayed 3 second(s)</message>
  <nestedLevel>2</nestedLevel>
</record>
<record>
  <date>2020-08-27T07:56:18</date>
  <millis>1598489778908</millis>
  <sequence>67</sequence>
  <level>PASSED</level>
  <class>com.kms.katalon.core.logging.XmlKeywordLogger</class>
  <method>logMessage</method>
  <thread>1</thread>
  <message>user input email</message>
  <nestedLevel>2</nestedLevel>
</record>
<record>
  <date>2020-08-27T07:56:18</date>
  <millis>1598489778908</millis>
  <sequence>68</sequence>
  <level>END</level>
  <class>com.kms.katalon.core.logging.XmlKeywordLogger</class>
  <method>endKeyword</method>
  <thread>1</thread>
  <message>End End action : user input email</message>
  <nestedLevel>2</nestedLevel>
</record>
<record>
  <date>2020-08-27T07:56:18</date>
  <millis>1598489778910</millis>
  <sequence>69</sequence>
  <level>START</level>
  <class>com.kms.katalon.core.logging.XmlKeywordLogger</class>
  <method>startKeyword</method>
  <thread>1</thread>
  <message>Start action : user input phone number</message>
  <nestedLevel>2</nestedLevel>
</record>
<record>
  <date>2020-08-27T07:56:19</date>
  <millis>1598489779677</millis>
  <sequence>85</sequence>
  <level>PASSED</level>
  <class>com.kms.katalon.core.logging.XmlKeywordLogger</class>
  <method>logMessage</method>
  <thread>1</thread>
  <message>Text &amp;apos;081292529514&amp;apos; is set on object &amp;apos;Object Repository/Request Demo/input_Phone_number&amp;apos;</message>
  <nestedLevel>2</nestedLevel>
</record>
<record>
  <date>2020-08-27T07:56:22</date>
  <millis>1598489782681</millis>
  <sequence>87</sequence>
  <level>PASSED</level>
  <class>com.kms.katalon.core.logging.XmlKeywordLogger</class>
  <method>logMessage</method>
  <thread>1</thread>
  <message>Delayed 3 second(s)</message>
  <nestedLevel>2</nestedLevel>
</record>
<record>
  <date>2020-08-27T07:56:22</date>
  <millis>1598489782682</millis>
  <sequence>88</sequence>
  <level>PASSED</level>
  <class>com.kms.katalon.core.logging.XmlKeywordLogger</class>
  <method>logMessage</method>
  <thread>1</thread>
  <message>user input phone number</message>
  <nestedLevel>2</nestedLevel>
</record>
<record>
  <date>2020-08-27T07:56:22</date>
  <millis>1598489782682</millis>
  <sequence>89</sequence>
  <level>END</level>
  <class>com.kms.katalon.core.logging.XmlKeywordLogger</class>
  <method>endKeyword</method>
  <thread>1</thread>
  <message>End End action : user input phone number</message>
  <nestedLevel>2</nestedLevel>
</record>
<record>
  <date>2020-08-27T07:56:22</date>
  <millis>1598489782683</millis>
  <sequence>90</sequence>
  <level>START</level>
  <class>com.kms.katalon.core.logging.XmlKeywordLogger</class>
  <method>startKeyword</method>
  <thread>1</thread>
  <message>Start action : user input company name</message>
  <nestedLevel>2</nestedLevel>
</record>
<record>
  <date>2020-08-27T07:56:23</date>
  <millis>1598489783441</millis>
  <sequence>106</sequence>
  <level>PASSED</level>
  <class>com.kms.katalon.core.logging.XmlKeywordLogger</class>
  <method>logMessage</method>
  <thread>1</thread>
  <message>Text &amp;apos;gunadarma&amp;apos; is set on object &amp;apos;Object Repository/Request Demo/input_Company_name&amp;apos;</message>
  <nestedLevel>2</nestedLevel>
</record>
<record>
  <date>2020-08-27T07:56:26</date>
  <millis>1598489786445</millis>
  <sequence>108</sequence>
  <level>PASSED</level>
  <class>com.kms.katalon.core.logging.XmlKeywordLogger</class>
  <method>logMessage</method>
  <thread>1</thread>
  <message>Delayed 3 second(s)</message>
  <nestedLevel>2</nestedLevel>
</record>
<record>
  <date>2020-08-27T07:56:26</date>
  <millis>1598489786446</millis>
  <sequence>109</sequence>
  <level>PASSED</level>
  <class>com.kms.katalon.core.logging.XmlKeywordLogger</class>
  <method>logMessage</method>
  <thread>1</thread>
  <message>user input company name</message>
  <nestedLevel>2</nestedLevel>
</record>
<record>
  <date>2020-08-27T07:56:26</date>
  <millis>1598489786446</millis>
  <sequence>110</sequence>
  <level>END</level>
  <class>com.kms.katalon.core.logging.XmlKeywordLogger</class>
  <method>endKeyword</method>
  <thread>1</thread>
  <message>End End action : user input company name</message>
  <nestedLevel>2</nestedLevel>
</record>
<record>
  <date>2020-08-27T07:56:26</date>
  <millis>1598489786447</millis>
  <sequence>111</sequence>
  <level>START</level>
  <class>com.kms.katalon.core.logging.XmlKeywordLogger</class>
  <method>startKeyword</method>
  <thread>1</thread>
  <message>Start action : user klik request demo</message>
  <nestedLevel>2</nestedLevel>
</record>
<record>
  <date>2020-08-27T07:56:26</date>
  <millis>1598489786871</millis>
  <sequence>120</sequence>
  <level>PASSED</level>
  <class>com.kms.katalon.core.logging.XmlKeywordLogger</class>
  <method>logMessage</method>
  <thread>1</thread>
  <message>Object: &amp;apos;Object Repository/Request Demo/button_Request_Demo&amp;apos; is clicked on</message>
  <nestedLevel>2</nestedLevel>
</record>
<record>
  <date>2020-08-27T07:56:29</date>
  <millis>1598489789873</millis>
  <sequence>122</sequence>
  <level>PASSED</level>
  <class>com.kms.katalon.core.logging.XmlKeywordLogger</class>
  <method>logMessage</method>
  <thread>1</thread>
  <message>Delayed 3 second(s)</message>
  <nestedLevel>2</nestedLevel>
</record>
<record>
  <date>2020-08-27T07:56:29</date>
  <millis>1598489789874</millis>
  <sequence>123</sequence>
  <level>PASSED</level>
  <class>com.kms.katalon.core.logging.XmlKeywordLogger</class>
  <method>logMessage</method>
  <thread>1</thread>
  <message>user klik request demo</message>
  <nestedLevel>2</nestedLevel>
</record>
<record>
  <date>2020-08-27T07:56:29</date>
  <millis>1598489789875</millis>
  <sequence>124</sequence>
  <level>END</level>
  <class>com.kms.katalon.core.logging.XmlKeywordLogger</class>
  <method>endKeyword</method>
  <thread>1</thread>
  <message>End End action : user klik request demo</message>
  <nestedLevel>2</nestedLevel>
</record>
<record>
  <date>2020-08-27T07:56:29</date>
  <millis>1598489789886</millis>
  <sequence>125</sequence>
  <level>PASSED</level>
  <class>com.kms.katalon.core.logging.XmlKeywordLogger</class>
  <method>logMessage</method>
  <thread>1</thread>
  <message>SCENARIO requestDemo</message>
  <nestedLevel>2</nestedLevel>
</record>
<record>
  <date>2020-08-27T07:56:29</date>
  <millis>1598489789886</millis>
  <sequence>126</sequence>
  <level>END</level>
  <class>com.kms.katalon.core.logging.XmlKeywordLogger</class>
  <method>endTest</method>
  <thread>1</thread>
  <message>End Test Case : SCENARIO requestDemo</message>
  <nestedLevel>1</nestedLevel>
</record>
<record>
  <date>2020-08-27T07:56:29</date>
  <millis>1598489789996</millis>
  <sequence>127</sequence>
  <level>PASSED</level>
  <class>com.kms.katalon.core.logging.XmlKeywordLogger</class>
  <method>logMessage</method>
  <thread>1</thread>
  <message>Feature file: &amp;apos;./Include/features/RequestDemo/requestDemo.feature&amp;apos; was passed</message>
  <nestedLevel>1</nestedLevel>
</record>
<record>
  <date>2020-08-27T07:56:29</date>
  <millis>1598489789997</millis>
  <sequence>128</sequence>
  <level>END</level>
  <class>com.kms.katalon.core.logging.XmlKeywordLogger</class>
  <method>endKeyword</method>
  <thread>1</thread>
  <message>End action : runFeatureFile(\&amp;quot;./Include/features/RequestDemo/requestDemo.feature\&amp;quot;)</message>
  <nestedLevel>1</nestedLevel>
</record>
<record>
  <date>2020-08-27T07:56:29</date>
  <millis>1598489789997</millis>
  <sequence>129</sequence>
  <level>PASSED</level>
  <class>com.kms.katalon.core.logging.XmlKeywordLogger</class>
  <method>logMessage</method>
  <thread>1</thread>
  <message>Test Cases/Request Demo/RequestDemo</message>
  <nestedLevel>1</nestedLevel>
</record>
<record>
  <date>2020-08-27T07:56:29</date>
  <millis>1598489789997</millis>
  <sequence>130</sequence>
  <level>END</level>
  <class>com.kms.katalon.core.logging.XmlKeywordLogger</class>
  <method>endTest</method>
  <thread>1</thread>
  <message>End Test Case : Test Cases/Request Demo/RequestDemo</message>
  <nestedLevel>0</nestedLevel>
</record>
<record>
  <date>2020-08-27T07:56:30</date>
  <millis>1598489790750</millis>
  <sequence>131</sequence>
  <level>END</level>
  <class>com.kms.katalon.core.logging.XmlKeywordLogger</class>
  <method>endSuite</method>
  <thread>1</thread>
  <message>End Test Suite : Test Suites/Request Demo/RequestDemo</message>
  <nestedLevel>0</nestedLevel>
</record>
</log>
