<?xml version="1.0" encoding="UTF-8" standalone="no"?>
<!DOCTYPE log SYSTEM "logger.dtd">
<log>
<record>
  <date>2020-08-27T08:03:34</date>
  <millis>1598490214007</millis>
  <sequence>0</sequence>
  <level>START</level>
  <class>com.kms.katalon.core.logging.XmlKeywordLogger</class>
  <method>startSuite</method>
  <thread>1</thread>
  <message>Start Test Suite : Test Suites/Request Demo/RequestDemo</message>
  <nestedLevel>0</nestedLevel>
  <property name="name">RequestDemo</property>
  <property name="description"></property>
  <property name="id">Test Suites/Request Demo/RequestDemo</property>
</record>
<record>
  <date>2020-08-27T08:03:34</date>
  <millis>1598490214042</millis>
  <sequence>1</sequence>
  <level>RUN_DATA</level>
  <class>com.kms.katalon.core.logging.XmlKeywordLogger</class>
  <method>logMessage</method>
  <thread>1</thread>
  <message>hostName = Donii - LAPTOP-OOE60HNH.lan</message>
  <nestedLevel>0</nestedLevel>
  <property name="hostName">Donii - LAPTOP-OOE60HNH.lan</property>
</record>
<record>
  <date>2020-08-27T08:03:34</date>
  <millis>1598490214043</millis>
  <sequence>2</sequence>
  <level>RUN_DATA</level>
  <class>com.kms.katalon.core.logging.XmlKeywordLogger</class>
  <method>logMessage</method>
  <thread>1</thread>
  <message>os = Windows 10 64bit</message>
  <nestedLevel>0</nestedLevel>
  <property name="os">Windows 10 64bit</property>
</record>
<record>
  <date>2020-08-27T08:03:34</date>
  <millis>1598490214044</millis>
  <sequence>3</sequence>
  <level>RUN_DATA</level>
  <class>com.kms.katalon.core.logging.XmlKeywordLogger</class>
  <method>logMessage</method>
  <thread>1</thread>
  <message>hostAddress = 192.168.8.188</message>
  <nestedLevel>0</nestedLevel>
  <property name="hostAddress">192.168.8.188</property>
</record>
<record>
  <date>2020-08-27T08:03:34</date>
  <millis>1598490214045</millis>
  <sequence>4</sequence>
  <level>RUN_DATA</level>
  <class>com.kms.katalon.core.logging.XmlKeywordLogger</class>
  <method>logMessage</method>
  <thread>1</thread>
  <message>katalonVersion = 7.5.5.1</message>
  <nestedLevel>0</nestedLevel>
  <property name="katalonVersion">7.5.5.1</property>
</record>
<record>
  <date>2020-08-27T08:03:34</date>
  <millis>1598490214586</millis>
  <sequence>5</sequence>
  <level>START</level>
  <class>com.kms.katalon.core.logging.XmlKeywordLogger</class>
  <method>startTest</method>
  <thread>1</thread>
  <message>Start Test Case : Test Cases/Request Demo/RequestDemo</message>
  <nestedLevel>1</nestedLevel>
  <property name="name">Test Cases/Request Demo/RequestDemo</property>
  <property name="description"></property>
  <property name="id">Test Cases/Request Demo/RequestDemo</property>
  <property name="source">C:\\Arief\\Katalon\\Sprint 2\\MileApp_TestResult\\MileApp_Katalon\\Test Cases\\Request Demo\\RequestDemo.tc</property>
  <property name="tag"></property>
  <property name="isOptional">false</property>
</record>
<record>
  <date>2020-08-27T08:03:35</date>
  <millis>1598490215677</millis>
  <sequence>7</sequence>
  <level>START</level>
  <class>com.kms.katalon.core.logging.XmlKeywordLogger</class>
  <method>startKeyword</method>
  <thread>1</thread>
  <message>Start action : runFeatureFile(\&amp;quot;./Include/features/RequestDemo/requestDemo.feature\&amp;quot;)</message>
  <nestedLevel>1</nestedLevel>
  <property name="startLine">18</property>
  <property name="stepIndex">1</property>
</record>
<record>
  <date>2020-08-27T08:03:35</date>
  <millis>1598490215761</millis>
  <sequence>8</sequence>
  <level>INFO</level>
  <class>com.kms.katalon.core.logging.XmlKeywordLogger</class>
  <method>logMessage</method>
  <thread>1</thread>
  <message>Starting run keyword runFeatureFile: &amp;apos;./Include/features/RequestDemo/requestDemo.feature&amp;apos; and extract report to folder: &amp;apos;C:\\Arief\\Katalon\\Sprint 2\\MileApp_TestResult\\MileApp_Katalon\\Reports\\20200827_080329\\Request Demo\\RequestDemo\\20200827_080329/cucumber_report/1598490215744&amp;apos;...</message>
  <nestedLevel>1</nestedLevel>
</record>
<record>
  <date>2020-08-27T08:03:37</date>
  <millis>1598490217082</millis>
  <sequence>9</sequence>
  <level>START</level>
  <class>com.kms.katalon.core.logging.XmlKeywordLogger</class>
  <method>startTest</method>
  <thread>1</thread>
  <message>Start Test Case : SCENARIO requestDemo</message>
  <nestedLevel>2</nestedLevel>
</record>
<record>
  <date>2020-08-27T08:03:37</date>
  <millis>1598490217086</millis>
  <sequence>10</sequence>
  <level>START</level>
  <class>com.kms.katalon.core.logging.XmlKeywordLogger</class>
  <method>startKeyword</method>
  <thread>1</thread>
  <message>Start action : request demo page</message>
  <nestedLevel>2</nestedLevel>
</record>
<record>
  <date>2020-08-27T08:03:37</date>
  <millis>1598490217759</millis>
  <sequence>12</sequence>
  <level>INFO</level>
  <class>com.kms.katalon.core.logging.XmlKeywordLogger</class>
  <method>logMessage</method>
  <thread>1</thread>
  <message>Starting &amp;apos;Chrome&amp;apos; driver</message>
  <nestedLevel>2</nestedLevel>
</record>
<record>
  <date>2020-08-27T08:03:37</date>
  <millis>1598490217807</millis>
  <sequence>14</sequence>
  <level>INFO</level>
  <class>com.kms.katalon.core.logging.XmlKeywordLogger</class>
  <method>logMessage</method>
  <thread>1</thread>
  <message>Action delay is set to 0 milliseconds</message>
  <nestedLevel>2</nestedLevel>
</record>
<record>
  <date>2020-08-27T08:03:42</date>
  <millis>1598490222972</millis>
  <sequence>16</sequence>
  <level>RUN_DATA</level>
  <class>com.kms.katalon.core.logging.XmlKeywordLogger</class>
  <method>logMessage</method>
  <thread>1</thread>
  <message>sessionId = 808bc3c07dc8c679b816b1fdc1baf6e4</message>
  <nestedLevel>2</nestedLevel>
  <property name="sessionId">808bc3c07dc8c679b816b1fdc1baf6e4</property>
</record>
<record>
  <date>2020-08-27T08:03:42</date>
  <millis>1598490222993</millis>
  <sequence>17</sequence>
  <level>RUN_DATA</level>
  <class>com.kms.katalon.core.logging.XmlKeywordLogger</class>
  <method>logMessage</method>
  <thread>1</thread>
  <message>browser = Chrome 84.0.4147.135</message>
  <nestedLevel>2</nestedLevel>
  <property name="browser">Chrome 84.0.4147.135</property>
</record>
<record>
  <date>2020-08-27T08:03:42</date>
  <millis>1598490222994</millis>
  <sequence>18</sequence>
  <level>RUN_DATA</level>
  <class>com.kms.katalon.core.logging.XmlKeywordLogger</class>
  <method>logMessage</method>
  <thread>1</thread>
  <message>platform = Windows 10</message>
  <nestedLevel>2</nestedLevel>
  <property name="platform">Windows 10</property>
</record>
<record>
  <date>2020-08-27T08:03:42</date>
  <millis>1598490222999</millis>
  <sequence>19</sequence>
  <level>RUN_DATA</level>
  <class>com.kms.katalon.core.logging.XmlKeywordLogger</class>
  <method>logMessage</method>
  <thread>1</thread>
  <message>seleniumVersion = 3.141.59</message>
  <nestedLevel>2</nestedLevel>
  <property name="seleniumVersion">3.141.59</property>
</record>
<record>
  <date>2020-08-27T08:03:43</date>
  <millis>1598490223001</millis>
  <sequence>20</sequence>
  <level>RUN_DATA</level>
  <class>com.kms.katalon.core.logging.XmlKeywordLogger</class>
  <method>logMessage</method>
  <thread>1</thread>
  <message>proxyInformation = ProxyInformation { proxyOption=NO_PROXY, proxyServerType=HTTP, username=, password=********, proxyServerAddress=, proxyServerPort=0, executionList=\&amp;quot;\&amp;quot;, isApplyToDesiredCapabilities=true }</message>
  <nestedLevel>2</nestedLevel>
  <property name="proxyInformation">ProxyInformation { proxyOption=NO_PROXY, proxyServerType=HTTP, username=, password=********, proxyServerAddress=, proxyServerPort=0, executionList=\&quot;\&quot;, isApplyToDesiredCapabilities=true }</property>
</record>
<record>
  <date>2020-08-27T08:03:43</date>
  <millis>1598490223011</millis>
  <sequence>21</sequence>
  <level>PASSED</level>
  <class>com.kms.katalon.core.logging.XmlKeywordLogger</class>
  <method>logMessage</method>
  <thread>1</thread>
  <message>Browser is opened with url: &amp;apos;&amp;apos;</message>
  <nestedLevel>2</nestedLevel>
</record>
<record>
  <date>2020-08-27T08:03:45</date>
  <millis>1598490225656</millis>
  <sequence>24</sequence>
  <level>PASSED</level>
  <class>com.kms.katalon.core.logging.XmlKeywordLogger</class>
  <method>logMessage</method>
  <thread>1</thread>
  <message>Navigate to &amp;apos;https://dev.mile.app/request-demo&amp;apos; successfully</message>
  <nestedLevel>2</nestedLevel>
</record>
<record>
  <date>2020-08-27T08:03:45</date>
  <millis>1598490225659</millis>
  <sequence>25</sequence>
  <level>PASSED</level>
  <class>com.kms.katalon.core.logging.XmlKeywordLogger</class>
  <method>logMessage</method>
  <thread>1</thread>
  <message>request demo page</message>
  <nestedLevel>2</nestedLevel>
</record>
<record>
  <date>2020-08-27T08:03:45</date>
  <millis>1598490225660</millis>
  <sequence>26</sequence>
  <level>END</level>
  <class>com.kms.katalon.core.logging.XmlKeywordLogger</class>
  <method>endKeyword</method>
  <thread>1</thread>
  <message>End End action : request demo page</message>
  <nestedLevel>2</nestedLevel>
</record>
<record>
  <date>2020-08-27T08:03:45</date>
  <millis>1598490225663</millis>
  <sequence>27</sequence>
  <level>START</level>
  <class>com.kms.katalon.core.logging.XmlKeywordLogger</class>
  <method>startKeyword</method>
  <thread>1</thread>
  <message>Start action : user input full name</message>
  <nestedLevel>2</nestedLevel>
</record>
<record>
  <date>2020-08-27T08:03:46</date>
  <millis>1598490226957</millis>
  <sequence>43</sequence>
  <level>PASSED</level>
  <class>com.kms.katalon.core.logging.XmlKeywordLogger</class>
  <method>logMessage</method>
  <thread>1</thread>
  <message>Text &amp;apos;Arief Rahman Hakim&amp;apos; is set on object &amp;apos;Object Repository/Request Demo/input_Full_name&amp;apos;</message>
  <nestedLevel>2</nestedLevel>
</record>
<record>
  <date>2020-08-27T08:03:50</date>
  <millis>1598490230023</millis>
  <sequence>45</sequence>
  <level>PASSED</level>
  <class>com.kms.katalon.core.logging.XmlKeywordLogger</class>
  <method>logMessage</method>
  <thread>1</thread>
  <message>Delayed 3 second(s)</message>
  <nestedLevel>2</nestedLevel>
</record>
<record>
  <date>2020-08-27T08:03:50</date>
  <millis>1598490230024</millis>
  <sequence>46</sequence>
  <level>PASSED</level>
  <class>com.kms.katalon.core.logging.XmlKeywordLogger</class>
  <method>logMessage</method>
  <thread>1</thread>
  <message>user input full name</message>
  <nestedLevel>2</nestedLevel>
</record>
<record>
  <date>2020-08-27T08:03:50</date>
  <millis>1598490230024</millis>
  <sequence>47</sequence>
  <level>END</level>
  <class>com.kms.katalon.core.logging.XmlKeywordLogger</class>
  <method>endKeyword</method>
  <thread>1</thread>
  <message>End End action : user input full name</message>
  <nestedLevel>2</nestedLevel>
</record>
<record>
  <date>2020-08-27T08:03:50</date>
  <millis>1598490230025</millis>
  <sequence>48</sequence>
  <level>START</level>
  <class>com.kms.katalon.core.logging.XmlKeywordLogger</class>
  <method>startKeyword</method>
  <thread>1</thread>
  <message>Start action : user input email</message>
  <nestedLevel>2</nestedLevel>
</record>
<record>
  <date>2020-08-27T08:03:51</date>
  <millis>1598490231392</millis>
  <sequence>64</sequence>
  <level>PASSED</level>
  <class>com.kms.katalon.core.logging.XmlKeywordLogger</class>
  <method>logMessage</method>
  <thread>1</thread>
  <message>Text &amp;apos;ariefrahmanhakim0104@gmail.com&amp;apos; is set on object &amp;apos;Object Repository/Request Demo/input_Email&amp;apos;</message>
  <nestedLevel>2</nestedLevel>
</record>
<record>
  <date>2020-08-27T08:03:54</date>
  <millis>1598490234395</millis>
  <sequence>66</sequence>
  <level>PASSED</level>
  <class>com.kms.katalon.core.logging.XmlKeywordLogger</class>
  <method>logMessage</method>
  <thread>1</thread>
  <message>Delayed 3 second(s)</message>
  <nestedLevel>2</nestedLevel>
</record>
<record>
  <date>2020-08-27T08:03:54</date>
  <millis>1598490234396</millis>
  <sequence>67</sequence>
  <level>PASSED</level>
  <class>com.kms.katalon.core.logging.XmlKeywordLogger</class>
  <method>logMessage</method>
  <thread>1</thread>
  <message>user input email</message>
  <nestedLevel>2</nestedLevel>
</record>
<record>
  <date>2020-08-27T08:03:54</date>
  <millis>1598490234397</millis>
  <sequence>68</sequence>
  <level>END</level>
  <class>com.kms.katalon.core.logging.XmlKeywordLogger</class>
  <method>endKeyword</method>
  <thread>1</thread>
  <message>End End action : user input email</message>
  <nestedLevel>2</nestedLevel>
</record>
<record>
  <date>2020-08-27T08:03:54</date>
  <millis>1598490234398</millis>
  <sequence>69</sequence>
  <level>START</level>
  <class>com.kms.katalon.core.logging.XmlKeywordLogger</class>
  <method>startKeyword</method>
  <thread>1</thread>
  <message>Start action : user input phone number</message>
  <nestedLevel>2</nestedLevel>
</record>
<record>
  <date>2020-08-27T08:03:55</date>
  <millis>1598490235239</millis>
  <sequence>85</sequence>
  <level>PASSED</level>
  <class>com.kms.katalon.core.logging.XmlKeywordLogger</class>
  <method>logMessage</method>
  <thread>1</thread>
  <message>Text &amp;apos;81292529514&amp;apos; is set on object &amp;apos;Object Repository/Request Demo/input_Phone_number&amp;apos;</message>
  <nestedLevel>2</nestedLevel>
</record>
<record>
  <date>2020-08-27T08:03:58</date>
  <millis>1598490238244</millis>
  <sequence>87</sequence>
  <level>PASSED</level>
  <class>com.kms.katalon.core.logging.XmlKeywordLogger</class>
  <method>logMessage</method>
  <thread>1</thread>
  <message>Delayed 3 second(s)</message>
  <nestedLevel>2</nestedLevel>
</record>
<record>
  <date>2020-08-27T08:03:58</date>
  <millis>1598490238245</millis>
  <sequence>88</sequence>
  <level>PASSED</level>
  <class>com.kms.katalon.core.logging.XmlKeywordLogger</class>
  <method>logMessage</method>
  <thread>1</thread>
  <message>user input phone number</message>
  <nestedLevel>2</nestedLevel>
</record>
<record>
  <date>2020-08-27T08:03:58</date>
  <millis>1598490238245</millis>
  <sequence>89</sequence>
  <level>END</level>
  <class>com.kms.katalon.core.logging.XmlKeywordLogger</class>
  <method>endKeyword</method>
  <thread>1</thread>
  <message>End End action : user input phone number</message>
  <nestedLevel>2</nestedLevel>
</record>
<record>
  <date>2020-08-27T08:03:58</date>
  <millis>1598490238246</millis>
  <sequence>90</sequence>
  <level>START</level>
  <class>com.kms.katalon.core.logging.XmlKeywordLogger</class>
  <method>startKeyword</method>
  <thread>1</thread>
  <message>Start action : user input company name</message>
  <nestedLevel>2</nestedLevel>
</record>
<record>
  <date>2020-08-27T08:03:59</date>
  <millis>1598490239005</millis>
  <sequence>106</sequence>
  <level>PASSED</level>
  <class>com.kms.katalon.core.logging.XmlKeywordLogger</class>
  <method>logMessage</method>
  <thread>1</thread>
  <message>Text &amp;apos;gunadarma&amp;apos; is set on object &amp;apos;Object Repository/Request Demo/input_Company_name&amp;apos;</message>
  <nestedLevel>2</nestedLevel>
</record>
<record>
  <date>2020-08-27T08:04:02</date>
  <millis>1598490242008</millis>
  <sequence>108</sequence>
  <level>PASSED</level>
  <class>com.kms.katalon.core.logging.XmlKeywordLogger</class>
  <method>logMessage</method>
  <thread>1</thread>
  <message>Delayed 3 second(s)</message>
  <nestedLevel>2</nestedLevel>
</record>
<record>
  <date>2020-08-27T08:04:02</date>
  <millis>1598490242009</millis>
  <sequence>109</sequence>
  <level>PASSED</level>
  <class>com.kms.katalon.core.logging.XmlKeywordLogger</class>
  <method>logMessage</method>
  <thread>1</thread>
  <message>user input company name</message>
  <nestedLevel>2</nestedLevel>
</record>
<record>
  <date>2020-08-27T08:04:02</date>
  <millis>1598490242009</millis>
  <sequence>110</sequence>
  <level>END</level>
  <class>com.kms.katalon.core.logging.XmlKeywordLogger</class>
  <method>endKeyword</method>
  <thread>1</thread>
  <message>End End action : user input company name</message>
  <nestedLevel>2</nestedLevel>
</record>
<record>
  <date>2020-08-27T08:04:02</date>
  <millis>1598490242010</millis>
  <sequence>111</sequence>
  <level>START</level>
  <class>com.kms.katalon.core.logging.XmlKeywordLogger</class>
  <method>startKeyword</method>
  <thread>1</thread>
  <message>Start action : user klik request demo</message>
  <nestedLevel>2</nestedLevel>
</record>
<record>
  <date>2020-08-27T08:04:02</date>
  <millis>1598490242451</millis>
  <sequence>120</sequence>
  <level>PASSED</level>
  <class>com.kms.katalon.core.logging.XmlKeywordLogger</class>
  <method>logMessage</method>
  <thread>1</thread>
  <message>Object: &amp;apos;Object Repository/Request Demo/button_Request_Demo&amp;apos; is clicked on</message>
  <nestedLevel>2</nestedLevel>
</record>
<record>
  <date>2020-08-27T08:04:05</date>
  <millis>1598490245454</millis>
  <sequence>122</sequence>
  <level>PASSED</level>
  <class>com.kms.katalon.core.logging.XmlKeywordLogger</class>
  <method>logMessage</method>
  <thread>1</thread>
  <message>Delayed 3 second(s)</message>
  <nestedLevel>2</nestedLevel>
</record>
<record>
  <date>2020-08-27T08:04:05</date>
  <millis>1598490245455</millis>
  <sequence>123</sequence>
  <level>PASSED</level>
  <class>com.kms.katalon.core.logging.XmlKeywordLogger</class>
  <method>logMessage</method>
  <thread>1</thread>
  <message>user klik request demo</message>
  <nestedLevel>2</nestedLevel>
</record>
<record>
  <date>2020-08-27T08:04:05</date>
  <millis>1598490245455</millis>
  <sequence>124</sequence>
  <level>END</level>
  <class>com.kms.katalon.core.logging.XmlKeywordLogger</class>
  <method>endKeyword</method>
  <thread>1</thread>
  <message>End End action : user klik request demo</message>
  <nestedLevel>2</nestedLevel>
</record>
<record>
  <date>2020-08-27T08:04:05</date>
  <millis>1598490245461</millis>
  <sequence>125</sequence>
  <level>PASSED</level>
  <class>com.kms.katalon.core.logging.XmlKeywordLogger</class>
  <method>logMessage</method>
  <thread>1</thread>
  <message>SCENARIO requestDemo</message>
  <nestedLevel>2</nestedLevel>
</record>
<record>
  <date>2020-08-27T08:04:05</date>
  <millis>1598490245462</millis>
  <sequence>126</sequence>
  <level>END</level>
  <class>com.kms.katalon.core.logging.XmlKeywordLogger</class>
  <method>endTest</method>
  <thread>1</thread>
  <message>End Test Case : SCENARIO requestDemo</message>
  <nestedLevel>1</nestedLevel>
</record>
<record>
  <date>2020-08-27T08:04:05</date>
  <millis>1598490245583</millis>
  <sequence>127</sequence>
  <level>PASSED</level>
  <class>com.kms.katalon.core.logging.XmlKeywordLogger</class>
  <method>logMessage</method>
  <thread>1</thread>
  <message>Feature file: &amp;apos;./Include/features/RequestDemo/requestDemo.feature&amp;apos; was passed</message>
  <nestedLevel>1</nestedLevel>
</record>
<record>
  <date>2020-08-27T08:04:05</date>
  <millis>1598490245583</millis>
  <sequence>128</sequence>
  <level>END</level>
  <class>com.kms.katalon.core.logging.XmlKeywordLogger</class>
  <method>endKeyword</method>
  <thread>1</thread>
  <message>End action : runFeatureFile(\&amp;quot;./Include/features/RequestDemo/requestDemo.feature\&amp;quot;)</message>
  <nestedLevel>1</nestedLevel>
</record>
<record>
  <date>2020-08-27T08:04:05</date>
  <millis>1598490245584</millis>
  <sequence>129</sequence>
  <level>PASSED</level>
  <class>com.kms.katalon.core.logging.XmlKeywordLogger</class>
  <method>logMessage</method>
  <thread>1</thread>
  <message>Test Cases/Request Demo/RequestDemo</message>
  <nestedLevel>1</nestedLevel>
</record>
<record>
  <date>2020-08-27T08:04:05</date>
  <millis>1598490245585</millis>
  <sequence>130</sequence>
  <level>END</level>
  <class>com.kms.katalon.core.logging.XmlKeywordLogger</class>
  <method>endTest</method>
  <thread>1</thread>
  <message>End Test Case : Test Cases/Request Demo/RequestDemo</message>
  <nestedLevel>0</nestedLevel>
</record>
<record>
  <date>2020-08-27T08:04:06</date>
  <millis>1598490246385</millis>
  <sequence>131</sequence>
  <level>END</level>
  <class>com.kms.katalon.core.logging.XmlKeywordLogger</class>
  <method>endSuite</method>
  <thread>1</thread>
  <message>End Test Suite : Test Suites/Request Demo/RequestDemo</message>
  <nestedLevel>0</nestedLevel>
</record>
</log>
